# JRE version: 7.0_25-b15
# Java VM: Java HotSpot(TM) 64-Bit Server VM (23.25-b01 mixed mode linux-amd64 compressed oops)
Heap
 PSYoungGen      total 33344K, used 26932K [0x00000007d5f60000, 0x00000007d86a0000, 0x0000000800000000)
  eden space 31488K, 79% used [0x00000007d5f60000,0x00000007d77e6cd0,0x00000007d7e20000)
  from space 1856K, 97% used [0x00000007d7ee0000,0x00000007d80a6430,0x00000007d80b0000)
  to   space 4352K, 0% used [0x00000007d8260000,0x00000007d8260000,0x00000007d86a0000)
 ParOldGen       total 86080K, used 40K [0x0000000781e00000, 0x0000000787210000, 0x00000007d5f60000)
  object space 86080K, 0% used [0x0000000781e00000,0x0000000781e0a000,0x0000000787210000)
 PSPermGen       total 21248K, used 10519K [0x000000077cc00000, 0x000000077e0c0000, 0x0000000781e00000)
  object space 21248K, 49% used [0x000000077cc00000,0x000000077d645ce0,0x000000077e0c0000)
GC Heap History (10 events):
Event: 620,065 GC heap before
{Heap before GC invocations=1 (full 0):
 PSYoungGen      total 37632K, used 32256K [0x00000007d5f60000, 0x00000007d8960000, 0x0000000800000000)
  eden space 32256K, 100% used [0x00000007d5f60000,0x00000007d7ee0000,0x00000007d7ee0000)
  from space 5376K, 0% used [0x00000007d8420000,0x00000007d8420000,0x00000007d8960000)
  to   space 5376K, 0% used [0x00000007d7ee0000,0x00000007d7ee0000,0x00000007d8420000)
 ParOldGen       total 86080K, used 0K [0x0000000781e00000, 0x0000000787210000, 0x00000007d5f60000)
  object space 86080K, 0% used [0x0000000781e00000,0x0000000781e00000,0x0000000787210000)
 PSPermGen       total 21248K, used 10253K [0x000000077cc00000, 0x000000077e0c0000, 0x0000000781e00000)
  object space 21248K, 48% used [0x000000077cc00000,0x000000077d603488,0x000000077e0c0000)
Event: 620,080 GC heap after
Heap after GC invocations=1 (full 0):
 PSYoungGen      total 37632K, used 4202K [0x00000007d5f60000, 0x00000007d8960000, 0x0000000800000000)
  eden space 32256K, 0% used [0x00000007d5f60000,0x00000007d5f60000,0x00000007d7ee0000)
  from space 5376K, 78% used [0x00000007d7ee0000,0x00000007d82fa808,0x00000007d8420000)
  to   space 5376K, 0% used [0x00000007d8420000,0x00000007d8420000,0x00000007d8960000)
 ParOldGen       total 86080K, used 8K [0x0000000781e00000, 0x0000000787210000, 0x00000007d5f60000)
  object space 86080K, 0% used [0x0000000781e00000,0x0000000781e02000,0x0000000787210000)
 PSPermGen       total 21248K, used 10253K [0x000000077cc00000, 0x000000077e0c0000, 0x0000000781e00000)
  object space 21248K, 48% used [0x000000077cc00000,0x000000077d603488,0x000000077e0c0000)
}
Event: 3900,732 GC heap before
{Heap before GC invocations=2 (full 0):
 PSYoungGen      total 37632K, used 36458K [0x00000007d5f60000, 0x00000007d8960000, 0x0000000800000000)
  eden space 32256K, 100% used [0x00000007d5f60000,0x00000007d7ee0000,0x00000007d7ee0000)
  from space 5376K, 78% used [0x00000007d7ee0000,0x00000007d82fa808,0x00000007d8420000)
  to   space 5376K, 0% used [0x00000007d8420000,0x00000007d8420000,0x00000007d8960000)
 ParOldGen       total 86080K, used 8K [0x0000000781e00000, 0x0000000787210000, 0x00000007d5f60000)
  object space 86080K, 0% used [0x0000000781e00000,0x0000000781e02000,0x0000000787210000)
 PSPermGen       total 21248K, used 10365K [0x000000077cc00000, 0x000000077e0c0000, 0x0000000781e00000)
  object space 21248K, 48% used [0x000000077cc00000,0x000000077d61f7f8,0x000000077e0c0000)
Event: 3900,741 GC heap after
Heap after GC invocations=2 (full 0):
 PSYoungGen      total 37632K, used 2240K [0x00000007d5f60000, 0x00000007d8960000, 0x0000000800000000)
  eden space 32256K, 0% used [0x00000007d5f60000,0x00000007d5f60000,0x00000007d7ee0000)
  from space 5376K, 41% used [0x00000007d8420000,0x00000007d8650020,0x00000007d8960000)
  to   space 5376K, 0% used [0x00000007d7ee0000,0x00000007d7ee0000,0x00000007d8420000)
 ParOldGen       total 86080K, used 16K [0x0000000781e00000, 0x0000000787210000, 0x00000007d5f60000)
  object space 86080K, 0% used [0x0000000781e00000,0x0000000781e04000,0x0000000787210000)
 PSPermGen       total 21248K, used 10365K [0x000000077cc00000, 0x000000077e0c0000, 0x0000000781e00000)
  object space 21248K, 48% used [0x000000077cc00000,0x000000077d61f7f8,0x000000077e0c0000)
}
Event: 5361,241 GC heap before
{Heap before GC invocations=3 (full 0):
 PSYoungGen      total 37632K, used 34496K [0x00000007d5f60000, 0x00000007d8960000, 0x0000000800000000)
  eden space 32256K, 100% used [0x00000007d5f60000,0x00000007d7ee0000,0x00000007d7ee0000)
  from space 5376K, 41% used [0x00000007d8420000,0x00000007d8650020,0x00000007d8960000)
  to   space 5376K, 0% used [0x00000007d7ee0000,0x00000007d7ee0000,0x00000007d8420000)
 ParOldGen       total 86080K, used 16K [0x0000000781e00000, 0x0000000787210000, 0x00000007d5f60000)
  object space 86080K, 0% used [0x0000000781e00000,0x0000000781e04000,0x0000000787210000)
 PSPermGen       total 21248K, used 10420K [0x000000077cc00000, 0x000000077e0c0000, 0x0000000781e00000)
  object space 21248K, 49% used [0x000000077cc00000,0x000000077d62d0e0,0x000000077e0c0000)
Event: 5361,249 GC heap after
Heap after GC invocations=3 (full 0):
 PSYoungGen      total 37632K, used 1718K [0x00000007d5f60000, 0x00000007d8960000, 0x0000000800000000)
  eden space 32256K, 0% used [0x00000007d5f60000,0x00000007d5f60000,0x00000007d7ee0000)
  from space 5376K, 31% used [0x00000007d7ee0000,0x00000007d808d930,0x00000007d8420000)
  to   space 5376K, 0% used [0x00000007d8420000,0x00000007d8420000,0x00000007d8960000)
 ParOldGen       total 86080K, used 24K [0x0000000781e00000, 0x0000000787210000, 0x00000007d5f60000)
  object space 86080K, 0% used [0x0000000781e00000,0x0000000781e06000,0x0000000787210000)
 PSPermGen       total 21248K, used 10420K [0x000000077cc00000, 0x000000077e0c0000, 0x0000000781e00000)
  object space 21248K, 49% used [0x000000077cc00000,0x000000077d62d0e0,0x000000077e0c0000)
}
Event: 6845,578 GC heap before
{Heap before GC invocations=4 (full 0):
 PSYoungGen      total 37632K, used 33974K [0x00000007d5f60000, 0x00000007d8960000, 0x0000000800000000)
  eden space 32256K, 100% used [0x00000007d5f60000,0x00000007d7ee0000,0x00000007d7ee0000)
  from space 5376K, 31% used [0x00000007d7ee0000,0x00000007d808d930,0x00000007d8420000)
  to   space 5376K, 0% used [0x00000007d8420000,0x00000007d8420000,0x00000007d8960000)
 ParOldGen       total 86080K, used 24K [0x0000000781e00000, 0x0000000787210000, 0x00000007d5f60000)
  object space 86080K, 0% used [0x0000000781e00000,0x0000000781e06000,0x0000000787210000)
 PSPermGen       total 21248K, used 10453K [0x000000077cc00000, 0x000000077e0c0000, 0x0000000781e00000)
  object space 21248K, 49% used [0x000000077cc00000,0x000000077d635628,0x000000077e0c0000)
Event: 6845,585 GC heap after
Heap after GC invocations=4 (full 0):
 PSYoungGen      total 37632K, used 1740K [0x00000007d5f60000, 0x00000007d8960000, 0x0000000800000000)
  eden space 32256K, 0% used [0x00000007d5f60000,0x00000007d5f60000,0x00000007d7ee0000)
  from space 5376K, 32% used [0x00000007d8420000,0x00000007d85d3230,0x00000007d8960000)
  to   space 5376K, 0% used [0x00000007d7ee0000,0x00000007d7ee0000,0x00000007d8420000)
 ParOldGen       total 86080K, used 32K [0x0000000781e00000, 0x0000000787210000, 0x00000007d5f60000)
  object space 86080K, 0% used [0x0000000781e00000,0x0000000781e08000,0x0000000787210000)
 PSPermGen       total 21248K, used 10453K [0x000000077cc00000, 0x000000077e0c0000, 0x0000000781e00000)
  object space 21248K, 49% used [0x000000077cc00000,0x000000077d635628,0x000000077e0c0000)
}
Event: 7441,970 GC heap before
{Heap before GC invocations=5 (full 0):
 PSYoungGen      total 37632K, used 33996K [0x00000007d5f60000, 0x00000007d8960000, 0x0000000800000000)
  eden space 32256K, 100% used [0x00000007d5f60000,0x00000007d7ee0000,0x00000007d7ee0000)
  from space 5376K, 32% used [0x00000007d8420000,0x00000007d85d3230,0x00000007d8960000)
  to   space 5376K, 0% used [0x00000007d7ee0000,0x00000007d7ee0000,0x00000007d8420000)
 ParOldGen       total 86080K, used 32K [0x0000000781e00000, 0x0000000787210000, 0x00000007d5f60000)
  object space 86080K, 0% used [0x0000000781e00000,0x0000000781e08000,0x0000000787210000)
 PSPermGen       total 21248K, used 10473K [0x000000077cc00000, 0x000000077e0c0000, 0x0000000781e00000)
  object space 21248K, 49% used [0x000000077cc00000,0x000000077d63a648,0x000000077e0c0000)
Event: 7441,978 GC heap after
Heap after GC invocations=5 (full 0):
 PSYoungGen      total 33344K, used 1817K [0x00000007d5f60000, 0x00000007d86a0000, 0x0000000800000000)
  eden space 31488K, 0% used [0x00000007d5f60000,0x00000007d5f60000,0x00000007d7e20000)
  from space 1856K, 97% used [0x00000007d7ee0000,0x00000007d80a6430,0x00000007d80b0000)
  to   space 4352K, 0% used [0x00000007d8260000,0x00000007d8260000,0x00000007d86a0000)
 ParOldGen       total 86080K, used 40K [0x0000000781e00000, 0x0000000787210000, 0x00000007d5f60000)
  object space 86080K, 0% used [0x0000000781e00000,0x0000000781e0a000,0x0000000787210000)
 PSPermGen       total 21248K, used 10473K [0x000000077cc00000, 0x000000077e0c0000, 0x0000000781e00000)
  object space 21248K, 49% used [0x000000077cc00000,0x000000077d63a648,0x000000077e0c0000)
}

